::ffff:127.0.0.1 - - [29/Jul/2016:17:35:38 +0000] "GET / HTTP/1.1" 304 - "http://localhost:3000/" "Mozilla/5.0 (Macintosh; Intel Mac OS X 10_11_5) AppleWebKit/537.36 (KHTML, like Gecko) Chrome/51.0.2704.103 Safari/537.36"
127.0.0.1 - - [29/Jul/2016:17:41:48 +0000] "POST / HTTP/1.1" 302 88 "http://localhost:3000/" "Mozilla/5.0 (Macintosh; Intel Mac OS X 10_11_5) AppleWebKit/537.36 (KHTML, like Gecko) Chrome/51.0.2704.103 Safari/537.36"
127.0.0.1 - - [29/Jul/2016:17:41:48 +0000] "GET / HTTP/1.1" 200 373 "http://localhost:3000/" "Mozilla/5.0 (Macintosh; Intel Mac OS X 10_11_5) AppleWebKit/537.36 (KHTML, like Gecko) Chrome/51.0.2704.103 Safari/537.36"
[0mPOST / [36m302 [0m5.349 ms - 88[0m
[0mGET / [32m200 [0m329.348 ms - 373[0m
[0mPOST / [36m302 [0m0.918 ms - 88[0m
[0mGET / [32m200 [0m19.039 ms - 373[0m
[0mPOST / [36m302 [0m0.551 ms - 88[0m
[0mGET / [32m200 [0m15.328 ms - 373[0m
[0mPOST / [36m302 [0m2.066 ms - 88[0m
[0mGET / [32m200 [0m22.446 ms - 373[0m
[0mGET / [31m500 [0m6.465 ms - 1460[0m
[0mGET / [32m200 [0m25.679 ms - 441[0m
[0mGET / [36m304 [0m19.240 ms - -[0m
[0mGET / [31m500 [0m4.100 ms - 1487[0m
[0mGET / [31m500 [0m1.845 ms - 1487[0m
[0mGET / [32m200 [0m11.602 ms - 457[0m
[0mGET / [32m200 [0m7.886 ms - 482[0m
[0mGET / [32m200 [0m8.330 ms - 505[0m
[0mGET / [36m304 [0m8.490 ms - -[0m
[0mGET / [32m200 [0m8.101 ms - 539[0m
[0mGET / [32m200 [0m11.908 ms - 562[0m
[0mPOST / [36m302 [0m0.393 ms - 88[0m
[0mGET / [32m200 [0m7.330 ms - 562[0m
[0mPOST / [36m302 [0m0.241 ms - 88[0m
[0mGET / [32m200 [0m6.727 ms - 562[0m
[0mPOST / [36m302 [0m0.983 ms - 88[0m
[0mGET / [32m200 [0m9.672 ms - 562[0m
[0mPOST / [36m302 [0m0.222 ms - 88[0m
[0mGET / [32m200 [0m6.561 ms - 562[0m
[0mPOST / [36m302 [0m0.380 ms - 88[0m
[0mGET / [32m200 [0m6.424 ms - 562[0m
[0mPOST / [36m302 [0m0.438 ms - 88[0m
[0mGET / [32m200 [0m5.280 ms - 562[0m
[0mPOST / [36m302 [0m0.215 ms - 88[0m
[0mGET / [32m200 [0m5.605 ms - 562[0m
[0mPOST / [36m302 [0m0.232 ms - 88[0m
[0mGET / [32m200 [0m7.797 ms - 562[0m
[0mPOST / [36m302 [0m0.208 ms - 88[0m
[0mGET / [32m200 [0m4.837 ms - 562[0m
[0mGET / [36m304 [0m248.003 ms - -[0m
[0mPOST / [36m302 [0m3.149 ms - 88[0m
[0mGET / [32m200 [0m15.356 ms - 562[0m
[0mPOST / [36m302 [0m0.337 ms - 88[0m
[0mGET / [32m200 [0m8.727 ms - 562[0m
[0mGET / [36m304 [0m243.820 ms - -[0m
[0mPOST / [36m302 [0m15.193 ms - 88[0m
[0mGET / [32m200 [0m17.802 ms - 562[0m
[0mPOST / [36m302 [0m0.889 ms - 88[0m
[0mGET / [32m200 [0m11.379 ms - 562[0m
[0mGET / [36m304 [0m234.723 ms - -[0m
[0mPOST / [36m302 [0m13.069 ms - 88[0m
[0mGET / [32m200 [0m16.268 ms - 562[0m
[0mGET / [32m200 [0m297.523 ms - 562[0m
[0mGET / [36m304 [0m13.932 ms - -[0m
[0mGET / [36m304 [0m13.449 ms - -[0m
[0mGET / [32m200 [0m339.984 ms - 562[0m
[0mGET / [32m200 [0m12.181 ms - 562[0m
[0mGET /favicon.ico [33m404 [0m3.999 ms - 24[0m
[0mPOST / [36m302 [0m15.559 ms - 88[0m
[0mGET / [32m200 [0m15.135 ms - 562[0m
[0mPOST / [36m302 [0m1.456 ms - 88[0m
[0mGET / [32m200 [0m11.784 ms - 562[0m
[0mPOST / [36m302 [0m0.820 ms - 88[0m
[0mGET / [32m200 [0m8.957 ms - 562[0m
[0mPOST / [36m302 [0m0.846 ms - 88[0m
[0mGET / [32m200 [0m7.232 ms - 562[0m
[0mGET / [32m200 [0m321.722 ms - 562[0m
[0mGET /favicon.ico [33m404 [0m3.704 ms - 24[0m
[0mGET / [36m304 [0m15.917 ms - -[0m
[0mGET / [36m304 [0m14.958 ms - -[0m
[0mPOST / [36m302 [0m12.449 ms - 88[0m
[0mGET / [32m200 [0m11.880 ms - 562[0m
[0mGET / [36m304 [0m29.599 ms - -[0m
[0mGET / [36m304 [0m12.519 ms - -[0m
[0mGET / [36m304 [0m16.681 ms - -[0m
[0mGET / [36m304 [0m6.878 ms - -[0m
